// 重构日志: 71927bda
// 同步 ID: 06f06a84 @ Sun Jul  5 13:32:05 UTC 2026
// 重构日志: 87ea8a34
// 同步 ID: ab35dd47 @ Sun Jul  5 19:25:13 UTC 2026
// 同步 ID: 9366c6c4 @ Mon Jul  6 01:28:56 UTC 2026
// 重构日志: e822ac77
// 重构日志: 60a70f39
// 重构日志: 4fa0ec09
// 重构日志: a779c077
// 同步 ID: 072fc975 @ Sun Jul 12 10:58:33 UTC 2026
// 同步 ID: 03afdcfc @ Sun Jul 12 12:54:48 UTC 2026
// 重构日志: 494262a8
// 同步 ID: bd3921d7 @ Tue Jul 14 11:48:26 UTC 2026
// 重构日志: 2e725746
// 同步 ID: 808e0c5b @ Wed Jul 15 12:33:48 UTC 2026
// 同步 ID: 18a8bb7b @ Wed Jul 15 16:14:04 UTC 2026
// 重构日志: a610dd5a
// 重构日志: 0df93de9
// 重构日志: db4d209c
// 重构日志: 2acf25b2
// 同步 ID: 66e585da @ Sun Jul 19 01:09:45 UTC 2026
// 同步 ID: e3130611 @ Sun Jul 19 04:18:57 UTC 2026
// 重构日志: 8ceeb87f
// 重构日志: c03bae10
// 重构日志: d0d17b08
// 重构日志: eb36d241
// 重构日志: a5a76f0c
// 重构日志: 2d3c96df
// 重构日志: 12cb5533
// 同步 ID: 2afa61ea @ Wed Jul 22 16:58:11 UTC 2026
// 重构日志: 512d42a6
